<?xml version="1.0" encoding="UTF-8"?>
<robot generator="Robot 7.3.2 (Python 3.13.7 on win32)" generated="2026-03-05T12:42:32.414905" rpa="false" schemaversion="5">
<suite id="s1" name="TC 001" source="C:\Users\Chitsanucha.Su\Documents\GitHub\Open_Camp_Doppio_Group_2\testcases\TC_001.robot">
<test id="s1-t1" name="IKEA_003" line="6">
<kw name="Open web ikea">
<msg time="2026-03-05T12:42:32.957238" level="FAIL">No keyword with name 'Open web ikea' found.</msg>
<status status="FAIL" start="2026-03-05T12:42:32.957030" elapsed="0.000266">No keyword with name 'Open web ikea' found.</status>
</kw>
<msg time="2026-03-05T12:42:33.045643" level="INFO">Starting Browser process C:\Users\Chitsanucha.Su\Documents\My project Automate test\Lib\site-packages\Browser\wrapper\index.js using at 127.0.0.1:54217</msg>
<status status="FAIL" start="2026-03-05T12:42:32.954666" elapsed="0.002924">No keyword with name 'Open web ikea' found.</status>
</test>
<status status="FAIL" start="2026-03-05T12:42:32.416189" elapsed="2.592380"/>
</suite>
<statistics>
<total>
<stat pass="0" fail="1" skip="0">All Tests</stat>
</total>
<tag>
</tag>
<suite>
<stat name="TC 001" id="s1" pass="0" fail="1" skip="0">TC 001</stat>
</suite>
</statistics>
<errors>
<msg time="2026-03-05T12:42:32.952079" level="ERROR">Error in file 'C:\Users\Chitsanucha.Su\Documents\GitHub\Open_Camp_Doppio_Group_2\resources\import.robot' on line 12: Resource file 'C:\Users\Chitsanucha.Su\Documents\GitHub\Open_Camp_Doppio_Group_2\common\common.robot' does not exist.</msg>
</errors>
</robot>
