<?xml version="1.0" encoding="UTF-8"?>
<robot generator="Robot 7.3.2 (Python 3.13.7 on win32)" generated="2026-03-05T16:58:20.673611" rpa="false" schemaversion="5">
<suite id="s1" name="Open Camp Doppio Group 2" source="C:\Users\Chitsanucha.Su\Documents\GitHub\Open_Camp_Doppio_Group_2">
<suite id="s1-s1" name="Testcases" source="C:\Users\Chitsanucha.Su\Documents\GitHub\Open_Camp_Doppio_Group_2\testcases">
<suite id="s1-s1-s1" name="TC 001" source="C:\Users\Chitsanucha.Su\Documents\GitHub\Open_Camp_Doppio_Group_2\testcases\TC_001.robot">
<test id="s1-s1-s1-t1" name="IKEA_003" line="7">
<kw name="common.Open web ikea">
<msg time="2026-03-05T16:58:20.961241" level="FAIL">No keyword with name 'common.Open web ikea' found.</msg>
<status status="FAIL" start="2026-03-05T16:58:20.959396" elapsed="0.005027">No keyword with name 'common.Open web ikea' found.</status>
</kw>
<kw name="Test search box &amp; icon search" owner="Prod_main_features">
<arg>${TC03.prodname}</arg>
<status status="NOT RUN" start="2026-03-05T16:58:20.966005" elapsed="0.000335"/>
</kw>
<kw name="Go to brown sofa and verify prod" owner="Filter_page_features">
<arg>${TC03.prodname}</arg>
<arg>${TC03.prodprize}</arg>
<arg>${TC03.proddescription}</arg>
<status status="NOT RUN" start="2026-03-05T16:58:20.966632" elapsed="0.000236"/>
</kw>
<msg time="2026-03-05T16:58:21.057627" level="INFO">Starting Browser process C:\Users\Chitsanucha.Su\Documents\My project Automate test\Lib\site-packages\Browser\wrapper\index.js using at 127.0.0.1:55620</msg>
<status status="FAIL" start="2026-03-05T16:58:20.954435" elapsed="0.012717">No keyword with name 'common.Open web ikea' found.</status>
</test>
<status status="FAIL" start="2026-03-05T16:58:20.709334" elapsed="1.222310"/>
</suite>
<status status="FAIL" start="2026-03-05T16:58:20.705793" elapsed="1.233280"/>
</suite>
<status status="FAIL" start="2026-03-05T16:58:20.678076" elapsed="1.264737"/>
</suite>
<statistics>
<total>
<stat pass="0" fail="1" skip="0">All Tests</stat>
</total>
<tag>
</tag>
<suite>
<stat name="Open Camp Doppio Group 2" id="s1" pass="0" fail="1" skip="0">Open Camp Doppio Group 2</stat>
<stat name="Testcases" id="s1-s1" pass="0" fail="1" skip="0">Open Camp Doppio Group 2.Testcases</stat>
<stat name="TC 001" id="s1-s1-s1" pass="0" fail="1" skip="0">Open Camp Doppio Group 2.Testcases.TC 001</stat>
</suite>
</statistics>
<errors>
<msg time="2026-03-05T16:58:20.925801" level="WARN">Imported resource file 'C:\Users\Chitsanucha.Su\Documents\GitHub\Open_Camp_Doppio_Group_2\keywords\common\common.robot' is empty.</msg>
<msg time="2026-03-05T16:58:20.933206" level="ERROR">Error in file 'C:\Users\Chitsanucha.Su\Documents\GitHub\Open_Camp_Doppio_Group_2\resources\import.robot' on line 15: Resource file 'C:\Users\Chitsanucha.Su\Documents\GitHub\Open_Camp_Doppio_Group_2\keywords\page\Prod_main_page.robot' does not exist.</msg>
</errors>
</robot>
